------Thu Jan 01 2015 13:25:24 GMT-0700 (MST)------

Output:
	example/build/demo.js 3.14k
	example/build/demo.min.js 1.24k

Definitions: 
	http 
	http.jsonp 
	myTest 
	each 
	extend 
	isDefined 
	isNumber 

Included: 
	example/lib/ajax/http.js - Gruntfile.js:import ajax.* 
	example/lib/ajax/jsonp.js - Gruntfile.js:import ajax.* 
	example/lib/object/extend.js - Gruntfile.js:import object.* 
	example/lib/validators/isDefined.js - example/lib/object/extend.js:2 
	example/lib/validators/isNumber.js - example/app.js:5 
	example/lib/directives/my-test.js - example/templates/test.html 

Ignored: 
	example/lib/object/each.js - example/ignore.js:1 
