------Fri May 15 2015 15:18:24 GMT-0600 (MDT)------

Output:
	example/build/demo.js 3.29k
	example/build/demo.min.js 1.24k

Definitions: 
	each 
	extend 
	http 
	http.jsonp 
	isDefined 
	isNumber 
	myTest 
	util 
	util.test 

Included: 
	example/lib/ajax/http.js - Gruntfile.js:import ajax.* 
	example/lib/ajax/jsonp.js - Gruntfile.js:import ajax.* 
	example/lib/object/util.js - Gruntfile.js:import util 
	example/lib/object/each.js - example/app.js:3 
	example/lib/object/test.js - example/lib/object/each.js:4 
	example/lib/directives/my-test.js - example/app.js: 

Ignored: 
	example/lib/object/extend.js 

Forced Includes: 
	example/lib/nothing.js - Gruntfile.js:include include.0 
